c:\users\kga-13\desktop\sog\x64\debug\windowapi.pch
c:\users\kga-13\desktop\sog\x64\debug\vc141.pdb
c:\users\kga-13\desktop\sog\x64\debug\vc141.idb
c:\users\kga-13\desktop\sog\x64\debug\stdafx.obj
c:\users\kga-13\desktop\sog\x64\debug\loadingscene.obj
c:\users\kga-13\desktop\sog\x64\debug\keymanager.obj
c:\users\kga-13\desktop\sog\x64\debug\keyanimanager.obj
c:\users\kga-13\desktop\sog\x64\debug\imagemanager.obj
c:\users\kga-13\desktop\sog\x64\debug\image.obj
c:\users\kga-13\desktop\sog\x64\debug\hydra_w.obj
c:\users\kga-13\desktop\sog\x64\debug\hydra_s.obj
c:\users\kga-13\desktop\sog\x64\debug\hydra_f.obj
c:\users\kga-13\desktop\sog\x64\debug\hydra.obj
c:\users\kga-13\desktop\sog\x64\debug\gameobject.obj
c:\users\kga-13\desktop\sog\x64\debug\gamenode.obj
c:\users\kga-13\desktop\sog\x64\debug\flower.obj
c:\users\kga-13\desktop\sog\x64\debug\enemymanager.obj
c:\users\kga-13\desktop\sog\x64\debug\enemy.obj
c:\users\kga-13\desktop\sog\x64\debug\effectmanager.obj
c:\users\kga-13\desktop\sog\x64\debug\effect.obj
c:\users\kga-13\desktop\sog\x64\debug\button.obj
c:\users\kga-13\desktop\sog\x64\debug\basicscene.obj
c:\users\kga-13\desktop\sog\x64\debug\animation.obj
c:\users\kga-13\desktop\sog\x64\debug\action.obj
c:\users\kga-13\desktop\sog\x64\debug\windowapi.obj
c:\users\kga-13\desktop\sog\x64\debug\warrior.obj
c:\users\kga-13\desktop\sog\x64\debug\utils.obj
c:\users\kga-13\desktop\sog\x64\debug\txtdata.obj
c:\users\kga-13\desktop\sog\x64\debug\timer.obj
c:\users\kga-13\desktop\sog\x64\debug\timemanager.obj
c:\users\kga-13\desktop\sog\x64\debug\tilemap.obj
c:\users\kga-13\desktop\sog\x64\debug\tagtile.obj
c:\users\kga-13\desktop\sog\x64\debug\stagetwoscene.obj
c:\users\kga-13\desktop\sog\x64\debug\stageonescene.obj
c:\users\kga-13\desktop\sog\x64\debug\soundmanager.obj
c:\users\kga-13\desktop\sog\x64\debug\slime.obj
c:\users\kga-13\desktop\sog\x64\debug\scenemanager.obj
c:\users\kga-13\desktop\sog\x64\debug\rabbit.obj
c:\users\kga-13\desktop\sog\x64\debug\progressbar.obj
c:\users\kga-13\desktop\sog\x64\debug\playground.obj
c:\users\kga-13\desktop\sog\x64\debug\playermanager.obj
c:\users\kga-13\desktop\sog\x64\debug\player.obj
c:\users\kga-13\desktop\sog\x64\debug\pathfinder.obj
c:\users\kga-13\desktop\sog\x64\debug\windowapi.ilk
c:\users\kga-13\desktop\sog\x64\debug\windowapi.exe
c:\users\kga-13\desktop\sog\x64\debug\windowapi.pdb
c:\users\kga-13\desktop\sog\x64\debug\windowapi.res
c:\users\kga-13\desktop\sog\x64\debug\pathfinder.obj.enc
c:\users\kga-13\desktop\sog\x64\debug\playermanager.obj.enc
c:\users\kga-13\desktop\sog\x64\debug\stageonescene.new.obj.enc
c:\users\kga-13\desktop\sog\x64\debug\windowapi.tlog\cl.command.1.tlog
c:\users\kga-13\desktop\sog\x64\debug\windowapi.tlog\cl.read.1.tlog
c:\users\kga-13\desktop\sog\x64\debug\windowapi.tlog\cl.write.1.tlog
c:\users\kga-13\desktop\sog\x64\debug\windowapi.tlog\link.command.1.tlog
c:\users\kga-13\desktop\sog\x64\debug\windowapi.tlog\link.read.1.tlog
c:\users\kga-13\desktop\sog\x64\debug\windowapi.tlog\link.write.1.tlog
c:\users\kga-13\desktop\sog\x64\debug\windowapi.tlog\rc.command.1.tlog
c:\users\kga-13\desktop\sog\x64\debug\windowapi.tlog\rc.read.1.tlog
c:\users\kga-13\desktop\sog\x64\debug\windowapi.tlog\rc.write.1.tlog
